<?xml version="1.0" encoding="UTF-8"?>
<!-- Generated by org.testng.reporters.JUnitReportReporter -->
<testsuite skipped="0" hostname="Mayur-PC" name="com.testng.InvocationCount" tests="5" failures="0" timestamp="2020-02-27T20:59:55 IST" time="0.018" errors="0">
  <testcase name="test" time="0.002" classname="com.testng.InvocationCount"/>
  <testcase name="test" time="0.001" classname="com.testng.InvocationCount"/>
  <testcase name="test" time="0.001" classname="com.testng.InvocationCount"/>
  <testcase name="test" time="0.013" classname="com.testng.InvocationCount"/>
  <testcase name="test" time="0.001" classname="com.testng.InvocationCount"/>
</testsuite> <!-- com.testng.InvocationCount -->
