<?xml version="1.0" encoding="UTF-8"?>
<!-- Generated by org.testng.reporters.JUnitReportReporter -->
<testsuite skipped="0" hostname="Mayur-PC" name="com.testng.MyFirstTestNg" tests="3" failures="0" timestamp="2020-02-14T17:21:16 IST" time="0.006" errors="0">
  <testcase name="titleTest3" time="0.001" classname="com.testng.MyFirstTestNg"/>
  <testcase name="titleTest" time="0.003" classname="com.testng.MyFirstTestNg"/>
  <testcase name="titleTest2" time="0.002" classname="com.testng.MyFirstTestNg"/>
</testsuite> <!-- com.testng.MyFirstTestNg -->
