<?xml version="1.0" encoding="UTF-8"?>
<!-- Generated by org.testng.reporters.JUnitReportReporter -->
<testsuite skipped="0" hostname="Mayur-PC" name="com.testng.CheckBegins" tests="5" failures="0" timestamp="2020-02-27T20:59:18 IST" time="0.025" errors="0">
  <testcase name="demo2" time="0.001" classname="com.testng.CheckBegins"/>
  <testcase name="demo2" time="0.001" classname="com.testng.CheckBegins"/>
  <testcase name="demo1" time="0.004" classname="com.testng.CheckBegins"/>
  <testcase name="demo" time="0.016" classname="com.testng.CheckBegins"/>
  <testcase name="demo2" time="0.003" classname="com.testng.CheckBegins"/>
</testsuite> <!-- com.testng.CheckBegins -->
