<?xml version="1.0" encoding="UTF-8"?>
<!-- Generated by org.testng.reporters.JUnitReportReporter -->
<testsuite skipped="0" hostname="Mayur-PC" name="com.testng.DependancyOfTestCase" tests="2" failures="0" timestamp="2020-02-14T17:21:16 IST" time="0.009" errors="0">
  <testcase name="check" time="0.008" classname="com.testng.DependancyOfTestCase"/>
  <testcase name="check1" time="0.001" classname="com.testng.DependancyOfTestCase"/>
</testsuite> <!-- com.testng.DependancyOfTestCase -->
