<?xml version="1.0" encoding="UTF-8"?>
<!-- Generated by org.testng.reporters.JUnitReportReporter -->
<testsuite skipped="0" hostname="Mayur-PC" name="Programs.xxx" tests="1" failures="0" timestamp="2020-02-22T15:15:16 IST" time="4.307" errors="0">
  <testcase name="barcodeTest" time="4.307" classname="Programs.xxx"/>
</testsuite> <!-- Programs.xxx -->
